WARNING:root:Requests made without an app_token will be subject to strict throttling limits.
WARNING:root:Requests made without an app_token will be subject to strict throttling limits.
/usr/local/lib/python3.6/dist-packages/pandas/plotting/_matplotlib/converter.py:103: FutureWarning: Using an implicitly registered datetime converter for a matplotlib plotting method. The converter was registered by pandas on import. Future versions of pandas will require you to explicitly register matplotlib converters.

To register the converters:
	>>> from pandas.plotting import register_matplotlib_converters
	>>> register_matplotlib_converters()
  warnings.warn(msg, FutureWarning)
/usr/local/lib/python3.6/dist-packages/pandas/core/generic.py:9114: SettingWithCopyWarning: 
A value is trying to be set on a copy of a slice from a DataFrame

See the caveats in the documentation: http://pandas.pydata.org/pandas-docs/stable/user_guide/indexing.html#returning-a-view-versus-a-copy
  self._update_inplace(new_data)
WARNING:matplotlib.text:posx and posy should be finite values
WARNING:matplotlib.text:posx and posy should be finite values
WARNING:matplotlib.text:posx and posy should be finite values
/home/jgodwin/python/covid/covid_plotter.py:184: RuntimeWarning: divide by zero encountered in float_scalars
  if state_df[i].nlargest(5)[0] / state_df[i].nlargest(5)[4] >= 1.5:
WARNING:matplotlib.text:posx and posy should be finite values
WARNING:matplotlib.text:posx and posy should be finite values
WARNING:matplotlib.text:posx and posy should be finite values
WARNING:matplotlib.text:posx and posy should be finite values
WARNING:matplotlib.text:posx and posy should be finite values
WARNING:matplotlib.text:posx and posy should be finite values
/home/jgodwin/python/covid/covid_plotter.py:27: RuntimeWarning: divide by zero encountered in double_scalars
  trend2week = (data[-1] - data[-15]) / data[-15]
/home/jgodwin/python/covid/covid_plotter.py:28: RuntimeWarning: divide by zero encountered in double_scalars
  trendmonth = (data[-1] - data[-31]) / data[-31]
WARNING:matplotlib.text:posx and posy should be finite values
WARNING:matplotlib.text:posx and posy should be finite values
WARNING:matplotlib.text:posx and posy should be finite values
/home/jgodwin/python/covid/covid_plotter.py:26: RuntimeWarning: divide by zero encountered in double_scalars
  trendweek = (data[-1] - data[-8]) / data[-8]
WARNING:matplotlib.text:posx and posy should be finite values
WARNING:matplotlib.text:posx and posy should be finite values
WARNING:matplotlib.text:posx and posy should be finite values
WARNING:matplotlib.text:posx and posy should be finite values
WARNING:matplotlib.text:posx and posy should be finite values
WARNING:matplotlib.text:posx and posy should be finite values
WARNING:matplotlib.text:posx and posy should be finite values
WARNING:matplotlib.text:posx and posy should be finite values
WARNING:matplotlib.text:posx and posy should be finite values
Accessing data APIs
PR: Cumulative
AK: Cumulative
MA: Cumulative
IL: Cumulative
NJ: Cumulative
KY: Cumulative
HI: Cumulative
WA: Cumulative
WI: Cumulative
UT: Cumulative
SD: Cumulative
CA: Cumulative
LA: Cumulative
TN: Cumulative
ND: Cumulative
OR: Cumulative
GA: Cumulative
CT: Cumulative
DC: Cumulative
NYC: Cumulative
NV: Cumulative
ME: Cumulative
NM: Cumulative
MP: Cumulative
KS: Cumulative
OH: Cumulative
IN: Cumulative
DE: Cumulative
RI: Cumulative
WV: Cumulative
NY: Cumulative
NC: Cumulative
MN: Cumulative
MD: Cumulative
ID: Cumulative
MS: Cumulative
AZ: Cumulative
OK: Cumulative
NE: Cumulative
MO: Cumulative
SC: Cumulative
MT: Cumulative
VA: Cumulative
TX: Cumulative
WY: Cumulative
AR: Cumulative
IA: Cumulative
VI: Cumulative
VT: Cumulative
GU: Cumulative
PA: Cumulative
AL: Cumulative
MI: Cumulative
NH: Cumulative
CO: Cumulative
FL: Cumulative
Puerto Rico: Daily New Cases
Puerto Rico: Daily New Deaths
Alaska: Daily New Cases
Alaska: Daily New Deaths
Massachusetts: Daily New Cases
Massachusetts: Daily New Deaths
Illinois: Daily New Cases
Illinois: Daily New Deaths
New Jersey: Daily New Cases
New Jersey: Daily New Deaths
Kentucky: Daily New Cases
Kentucky: Daily New Deaths
Hawaii: Daily New Cases
Hawaii: Daily New Deaths
Washington: Daily New Cases
Washington: Daily New Deaths
Wisconsin: Daily New Cases
Wisconsin: Daily New Deaths
Utah: Daily New Cases
Utah: Daily New Deaths
South Dakota: Daily New Cases
South Dakota: Daily New Deaths
California: Daily New Cases
California: Daily New Deaths
Louisiana: Daily New Cases
Louisiana: Daily New Deaths
Tennessee: Daily New Cases
Tennessee: Daily New Deaths
North Dakota: Daily New Cases
North Dakota: Daily New Deaths
Oregon: Daily New Cases
Oregon: Daily New Deaths
Georgia: Daily New Cases
Georgia: Daily New Deaths
Connecticut: Daily New Cases
Connecticut: Daily New Deaths
District of Columbia: Daily New Cases
District of Columbia: Daily New Deaths
New York City: Daily New Cases
New York City: Daily New Deaths
Nevada: Daily New Cases
Nevada: Daily New Deaths
Maine: Daily New Cases
Maine: Daily New Deaths
New Mexico: Daily New Cases
New Mexico: Daily New Deaths
Northern Mariana Islands: Daily New Cases
Northern Mariana Islands: Daily New Deaths
Kansas: Daily New Cases
Kansas: Daily New Deaths
Ohio: Daily New Cases
Ohio: Daily New Deaths
Indiana: Daily New Cases
Indiana: Daily New Deaths
Delaware: Daily New Cases
Delaware: Daily New Deaths
Rhode Island: Daily New Cases
Rhode Island: Daily New Deaths
West Virginia: Daily New Cases
West Virginia: Daily New Deaths
New York (outside NYC): Daily New Cases
New York (outside NYC): Daily New Deaths
North Carolina: Daily New Cases
North Carolina: Daily New Deaths
Minnesota: Daily New Cases
Minnesota: Daily New Deaths
Maryland: Daily New Cases
Maryland: Daily New Deaths
Idaho: Daily New Cases
Idaho: Daily New Deaths
Mississippi: Daily New Cases
Mississippi: Daily New Deaths
Arizona: Daily New Cases
Arizona: Daily New Deaths
Oklahoma: Daily New Cases
Oklahoma: Daily New Deaths
Nebraska: Daily New Cases
Nebraska: Daily New Deaths
Missouri: Daily New Cases
Missouri: Daily New Deaths
South Carolina: Daily New Cases
South Carolina: Daily New Deaths
Montana: Daily New Cases
Montana: Daily New Deaths
Virginia: Daily New Cases
Virginia: Daily New Deaths
Texas: Daily New Cases
Texas: Daily New Deaths
Wyoming: Daily New Cases
Wyoming: Daily New Deaths
Arkansas: Daily New Cases
Arkansas: Daily New Deaths
Iowa: Daily New Cases
Iowa: Daily New Deaths
U.S. Virgin Islands: Daily New Cases
U.S. Virgin Islands: Daily New Deaths
Vermont: Daily New Cases
Vermont: Daily New Deaths
Guam: Daily New Cases
Guam: Daily New Deaths
Pennsylvania: Daily New Cases
Pennsylvania: Daily New Deaths
Alabama: Daily New Cases
Alabama: Daily New Deaths
Michigan: Daily New Cases
Michigan: Daily New Deaths
New Hampshire: Daily New Cases
New Hampshire: Daily New Deaths
Colorado: Daily New Cases
Colorado: Daily New Deaths
Florida: Daily New Cases
Florida: Daily New Deaths
Delaware: excess mortality
Maryland: excess mortality
Texas: excess mortality
Pennsylvania: excess mortality
Virginia: excess mortality
Hawaii: excess mortality
New Mexico: excess mortality
Kansas: excess mortality
New Hampshire: excess mortality
District of Columbia: excess mortality
Alabama: excess mortality
Florida: excess mortality
United States: excess mortality
Montana: excess mortality
Ohio: excess mortality
South Carolina: excess mortality
Massachusetts: excess mortality
Georgia: excess mortality
Oregon: excess mortality
Nevada: excess mortality
South Dakota: excess mortality
Alaska: excess mortality
Oklahoma: excess mortality
Wisconsin: excess mortality
North Carolina: excess mortality
Idaho: excess mortality
West Virginia: excess mortality
Vermont: excess mortality
Wyoming: excess mortality
Iowa: excess mortality
Colorado: excess mortality
Maine: excess mortality
Connecticut: excess mortality
California: excess mortality
Minnesota: excess mortality
Illinois: excess mortality
Arkansas: excess mortality
Kentucky: excess mortality
New Jersey: excess mortality
New York: excess mortality
Puerto Rico: excess mortality
Utah: excess mortality
Nebraska: excess mortality
Tennessee: excess mortality
Mississippi: excess mortality
Arizona: excess mortality
Louisiana: excess mortality
Washington: excess mortality
North Dakota: excess mortality
Indiana: excess mortality
Missouri: excess mortality
Rhode Island: excess mortality
Michigan: excess mortality
New York City: excess mortality
Puerto Rico: inpatient_beds_used_covid
Puerto Rico: inpatient_bed_covid_utilization
Alaska: inpatient_beds_used_covid
Alaska: inpatient_bed_covid_utilization
Illinois: inpatient_beds_used_covid
Illinois: inpatient_bed_covid_utilization
Massachusetts: inpatient_beds_used_covid
Massachusetts: inpatient_bed_covid_utilization
New Jersey: inpatient_beds_used_covid
New Jersey: inpatient_bed_covid_utilization
Kentucky: inpatient_beds_used_covid
Kentucky: inpatient_bed_covid_utilization
Hawaii: inpatient_beds_used_covid
Hawaii: inpatient_bed_covid_utilization
Washington: inpatient_beds_used_covid
Washington: inpatient_bed_covid_utilization
Wisconsin: inpatient_beds_used_covid
Wisconsin: inpatient_bed_covid_utilization
Utah: inpatient_beds_used_covid
Utah: inpatient_bed_covid_utilization
South Dakota: inpatient_beds_used_covid
South Dakota: inpatient_bed_covid_utilization
California: inpatient_beds_used_covid
California: inpatient_bed_covid_utilization
Louisiana: inpatient_beds_used_covid
Louisiana: inpatient_bed_covid_utilization
Tennessee: inpatient_beds_used_covid
Tennessee: inpatient_bed_covid_utilization
Oregon: inpatient_beds_used_covid
Oregon: inpatient_bed_covid_utilization
Georgia: inpatient_beds_used_covid
Georgia: inpatient_bed_covid_utilization
Connecticut: inpatient_beds_used_covid
Connecticut: inpatient_bed_covid_utilization
District of Columbia: inpatient_beds_used_covid
District of Columbia: inpatient_bed_covid_utilization
Nevada: inpatient_beds_used_covid
Nevada: inpatient_bed_covid_utilization
Colorado: inpatient_beds_used_covid
Colorado: inpatient_bed_covid_utilization
Maine: inpatient_beds_used_covid
Maine: inpatient_bed_covid_utilization
New Mexico: inpatient_beds_used_covid
New Mexico: inpatient_bed_covid_utilization
Kansas: inpatient_beds_used_covid
Kansas: inpatient_bed_covid_utilization
Ohio: inpatient_beds_used_covid
Ohio: inpatient_bed_covid_utilization
Indiana: inpatient_beds_used_covid
Indiana: inpatient_bed_covid_utilization
New York (outside NYC): inpatient_beds_used_covid
New York (outside NYC): inpatient_bed_covid_utilization
Maryland: inpatient_beds_used_covid
Maryland: inpatient_bed_covid_utilization
Rhode Island: inpatient_beds_used_covid
Rhode Island: inpatient_bed_covid_utilization
West Virginia: inpatient_beds_used_covid
West Virginia: inpatient_bed_covid_utilization
Delaware: inpatient_beds_used_covid
Delaware: inpatient_bed_covid_utilization
North Carolina: inpatient_beds_used_covid
North Carolina: inpatient_bed_covid_utilization
Minnesota: inpatient_beds_used_covid
Minnesota: inpatient_bed_covid_utilization
Mississippi: inpatient_beds_used_covid
Mississippi: inpatient_bed_covid_utilization
Arizona: inpatient_beds_used_covid
Arizona: inpatient_bed_covid_utilization
Idaho: inpatient_beds_used_covid
Idaho: inpatient_bed_covid_utilization
Oklahoma: inpatient_beds_used_covid
Oklahoma: inpatient_bed_covid_utilization
Nebraska: inpatient_beds_used_covid
Nebraska: inpatient_bed_covid_utilization
Missouri: inpatient_beds_used_covid
Missouri: inpatient_bed_covid_utilization
South Carolina: inpatient_beds_used_covid
South Carolina: inpatient_bed_covid_utilization
Montana: inpatient_beds_used_covid
Montana: inpatient_bed_covid_utilization
Wyoming: inpatient_beds_used_covid
Wyoming: inpatient_bed_covid_utilization
Texas: inpatient_beds_used_covid
Texas: inpatient_bed_covid_utilization
Virginia: inpatient_beds_used_covid
Virginia: inpatient_bed_covid_utilization
Arkansas: inpatient_beds_used_covid
Arkansas: inpatient_bed_covid_utilization
Iowa: inpatient_beds_used_covid
Iowa: inpatient_bed_covid_utilization
Vermont: inpatient_beds_used_covid
Vermont: inpatient_bed_covid_utilization
U.S. Virgin Islands: inpatient_beds_used_covid
U.S. Virgin Islands: inpatient_bed_covid_utilization
Pennsylvania: inpatient_beds_used_covid
Pennsylvania: inpatient_bed_covid_utilization
Alabama: inpatient_beds_used_covid
Alabama: inpatient_bed_covid_utilization
Michigan: inpatient_beds_used_covid
Michigan: inpatient_bed_covid_utilization
New Hampshire: inpatient_beds_used_covid
New Hampshire: inpatient_bed_covid_utilization
North Dakota: inpatient_beds_used_covid
North Dakota: inpatient_bed_covid_utilization
Florida: inpatient_beds_used_covid
Florida: inpatient_bed_covid_utilization
PR: testing
AK: testing
IL: testing
MA: testing
NJ: testing
KY: testing
HI: testing
WA: testing
WI: testing
UT: testing
SD: testing
CA: testing
LA: testing
TN: testing
OR: testing
GA: testing
CT: testing
DC: testing
NV: testing
CO: testing
ME: testing
NM: testing
MP: testing
KS: testing
OH: testing
IN: testing
NY: testing
DE: testing
MD: testing
WV: testing
RI: testing
NC: testing
MN: testing
ID: testing
AZ: testing
MS: testing
OK: testing
NE: testing
MO: testing
SC: testing
MT: testing
VA: testing
TX: testing
WY: testing
IA: testing
AR: testing
VT: testing
VI: testing
GU: testing
PA: testing
AL: testing
MI: testing
NH: testing
ND: testing
FL: testing
PR: positivity
AK: positivity
IL: positivity
MA: positivity
NJ: positivity
KY: positivity
HI: positivity
WA: positivity
WI: positivity
UT: positivity
SD: positivity
CA: positivity
LA: positivity
TN: positivity
OR: positivity
GA: positivity
CT: positivity
DC: positivity
NV: positivity
CO: positivity
ME: positivity
NM: positivity
MP: positivity
KS: positivity
OH: positivity
IN: positivity
NY: positivity
DE: positivity
MD: positivity
WV: positivity
RI: positivity
NC: positivity
MN: positivity
ID: positivity
AZ: positivity
MS: positivity
OK: positivity
NE: positivity
MO: positivity
SC: positivity
MT: positivity
VA: positivity
TX: positivity
WY: positivity
IA: positivity
AR: positivity
VT: positivity
VI: positivity
GU: positivity
PA: positivity
AL: positivity
MI: positivity
NH: positivity
ND: positivity
FL: positivity
Creating master trend CSV
Done
